-------------------------------------------------------------------------------
Test set: test.java.Suite.SuiteA
-------------------------------------------------------------------------------
Tests run: 1, Failures: 0, Errors: 1, Skipped: 0, Time elapsed: 0.008 s <<< FAILURE! - in test.java.Suite.SuiteA
test.java.Suite.SuiteA  Time elapsed: 0.008 s  <<< ERROR!
org.junit.platform.suite.engine.NoTestsDiscoveredException: Suite [test.java.Suite.SuiteA] did not discover any tests

